Start testing: Jan 03 12:20 -03
----------------------------------------------------------
1/2 Testing: Operations.Calc
1/2 Test: Operations.Calc
Command: "/home/randolfo/Documentos/FLTK/Calculadora-FLTK/build/tests/Tests" "--gtest_filter=Operations.Calc" "--gtest_also_run_disabled_tests"
Directory: /home/randolfo/Documentos/FLTK/Calculadora-FLTK/build/tests
"Operations.Calc" start time: Jan 03 12:20 -03
Output:
----------------------------------------------------------
Running main() from /usr/src/debug/gtest/googletest-1.15.2/googletest/src/gtest_main.cc
Note: Google Test filter = Operations.Calc
[==========] Running 1 test from 1 test suite.
[----------] Global test environment set-up.
[----------] 1 test from Operations
[ RUN      ] Operations.Calc
<end of output>
Test time =   0.11 sec
----------------------------------------------------------
Test Failed.
"Operations.Calc" end time: Jan 03 12:20 -03
"Operations.Calc" time elapsed: 00:00:00
----------------------------------------------------------

End testing: Jan 03 12:20 -03
