<?xml version="1.0" encoding="UTF-8"?>
<Site BuildName="(empty)"
	BuildStamp="20250108-1524-Experimental"
	Name="(empty)"
	Generator="ctest-3.31.3"
	CompilerName=""
	CompilerVersion=""
	OSName="Linux"
	Hostname="arch"
	OSRelease="6.12.8-zen1-1-zen"
	OSVersion="#1 ZEN SMP PREEMPT_DYNAMIC Thu, 02 Jan 2025 22:52:21 +0000"
	OSPlatform="x86_64"
	Is64Bits="1"
	VendorString="GenuineIntel"
	VendorID="Intel Corporation"
	FamilyID="6"
	ModelID="142"
	ModelName="Intel(R) Core(TM) i7-8550U CPU @ 1.80GHz"
	ProcessorCacheSize="8192"
	NumberOfLogicalCPU="8"
	NumberOfPhysicalCPU="4"
	TotalVirtualMemory="4095"
	TotalPhysicalMemory="11869"
	LogicalProcessorsPerPhysical="2"
	ProcessorClockFrequency="800.012"
	>
	<Testing>
		<StartDateTime>Jan 08 14:01 -03</StartDateTime>
		<StartTestTime>1736355691</StartTestTime>
		<TestList>
			<Test>./tests/TESTS</Test>
		</TestList>
		<Test Status="failed">
			<Name>TESTS</Name>
			<Path>./tests</Path>
			<FullName>./tests/TESTS</FullName>
			<FullCommandLine>/home/randolfo/Documentos/FLTK/Calculadora-FLTK/build/tests/Tests</FullCommandLine>
			<Results>
				<NamedMeasurement type="text/string" name="Exit Code">
					<Value>Failed</Value>
				</NamedMeasurement>
				<NamedMeasurement type="text/string" name="Exit Value">
					<Value>1</Value>
				</NamedMeasurement>
				<NamedMeasurement type="numeric/double" name="Execution Time">
					<Value>6.86478</Value>
				</NamedMeasurement>
				<NamedMeasurement type="numeric/double" name="Processors">
					<Value>1</Value>
				</NamedMeasurement>
				<NamedMeasurement type="text/string" name="Completion Status">
					<Value>Completed</Value>
				</NamedMeasurement>
				<NamedMeasurement type="text/string" name="Command Line">
					<Value>/home/randolfo/Documentos/FLTK/Calculadora-FLTK/build/tests/Tests</Value>
				</NamedMeasurement>
				<NamedMeasurement type="text/string" name="Environment">
					<Value>#CTEST_RESOURCE_GROUP_COUNT=</Value>
				</NamedMeasurement>
				<Measurement>
					<Value encoding="base64" compression="gzip">eJyNkl1rwjAUhu/zK86lhTVZBWUUdiHzg6HMoW43IiO2sRbSnJKPuZ+/tBHROcfORT/ePM15z9ssnFKlKqDipepEsNNYAXNGM6MzloutK1hhhbGsQCykaB7jhCY92j1TWrjFPpp9aJaR9eOpNrA4NulCw5jQJbyAcaW/U7KOT7WBicQtlwEQ6rPUqCqhPCxs7OofcBK4dtN5LTS3JSpD1rB4e4G2Nmc6feLS2wsLMJ9eL0LnHioT/adJQMGi5TIit7+YuPLSjxeosVxbwvZYCaa5ylHukA0xc82oaNh4tpqyxpCTPEfN41ZoEwxXmtV12k1SGPNSOi3IO5dOAO5S2KGuqNnjoRMRgEFmHZde5dIIMvqqRWZFnoLVTpAmi/HgeTYaXhiDTv+h1/87CA+fsN9DuPUjreA6zvGgLg/K7QMCPiF61cxbfx0sl8F6cEYv5wniHcjS+JFhKyQe0hsjE+Lxo74aLVfkG1BA9R8=</Value>
				</Measurement>
			</Results>
		</Test>
		<EndDateTime>Jan 08 14:01 -03</EndDateTime>
		<EndTestTime>1736355698</EndTestTime>
		<ElapsedMinutes>0</ElapsedMinutes>
	</Testing>
</Site>
