<?xml version="1.0" encoding="UTF-8"?>
<Site BuildName="(empty)"
	BuildStamp="20250103-1354-Experimental"
	Name="(empty)"
	Generator="ctest-3.31.3"
	CompilerName=""
	CompilerVersion=""
	OSName="Linux"
	Hostname="arch"
	OSRelease="6.12.7-zen1-1-zen"
	OSVersion="#1 ZEN SMP PREEMPT_DYNAMIC Fri, 27 Dec 2024 14:24:32 +0000"
	OSPlatform="x86_64"
	Is64Bits="1"
	VendorString="GenuineIntel"
	VendorID="Intel Corporation"
	FamilyID="6"
	ModelID="142"
	ModelName="Intel(R) Core(TM) i7-8550U CPU @ 1.80GHz"
	ProcessorCacheSize="8192"
	NumberOfLogicalCPU="8"
	NumberOfPhysicalCPU="4"
	TotalVirtualMemory="4095"
	TotalPhysicalMemory="11869"
	LogicalProcessorsPerPhysical="2"
	ProcessorClockFrequency="1599.95"
	>
	<Testing>
		<StartDateTime>Jan 03 12:20 -03</StartDateTime>
		<StartTestTime>1735917600</StartTestTime>
		<TestList>
			<Test>./tests/Operations.Calc</Test>
		</TestList>
		<Test Status="failed">
			<Name>Operations.Calc</Name>
			<Path>./tests</Path>
			<FullName>./tests/Operations.Calc</FullName>
			<FullCommandLine>/home/randolfo/Documentos/FLTK/Calculadora-FLTK/build/tests/Tests "--gtest_filter=Operations.Calc" "--gtest_also_run_disabled_tests"</FullCommandLine>
			<Results>
				<NamedMeasurement type="text/string" name="Exit Code">
					<Value>SEGFAULT</Value>
				</NamedMeasurement>
				<NamedMeasurement type="text/string" name="Exit Value">
					<Value>0</Value>
				</NamedMeasurement>
				<NamedMeasurement type="numeric/double" name="Execution Time">
					<Value>0.107323</Value>
				</NamedMeasurement>
				<NamedMeasurement type="numeric/double" name="Processors">
					<Value>1</Value>
				</NamedMeasurement>
				<NamedMeasurement type="text/string" name="Completion Status">
					<Value>Completed</Value>
				</NamedMeasurement>
				<NamedMeasurement type="text/string" name="Command Line">
					<Value>/home/randolfo/Documentos/FLTK/Calculadora-FLTK/build/tests/Tests "--gtest_filter=Operations.Calc" "--gtest_also_run_disabled_tests"</Value>
				</NamedMeasurement>
				<NamedMeasurement type="text/string" name="Environment">
					<Value>#CTEST_RESOURCE_GROUP_COUNT=</Value>
				</NamedMeasurement>
				<Measurement>
					<Value encoding="base64" compression="gzip">eJxljs0KwjAQhO95ij3qoQkVvAg9eehNoeipFGnjNgTSTcmPz28bSy06p2Hn22GqSKRJwdBq2u2hd3YAEb0T3knxxC4qoQL6IJS1yuBss5znR37YXBKcsMfcw6VkFxvwBGVC4DYl0GsT0EEB1xFdG7Qlz8+tkawuVjVQLXtyCOlp3rN4H3VAzupsVQOlsV1rPjnSSztLA9LEYsji+ANvO78jWA3V/QJJzd+4N2xMXuI=</Value>
				</Measurement>
			</Results>
		</Test>
		<EndDateTime>Jan 03 12:20 -03</EndDateTime>
		<EndTestTime>1735917600</EndTestTime>
		<ElapsedMinutes>0</ElapsedMinutes>
	</Testing>
</Site>
