<?xml version="1.0" encoding="UTF-8"?>
<Site BuildName="(empty)"
	BuildStamp="20250114-1349-Experimental"
	Name="(empty)"
	Generator="ctest-3.31.3"
	CompilerName=""
	CompilerVersion=""
	OSName="Linux"
	Hostname="arch"
	OSRelease="6.12.8-zen1-1-zen"
	OSVersion="#1 ZEN SMP PREEMPT_DYNAMIC Thu, 02 Jan 2025 22:52:21 +0000"
	OSPlatform="x86_64"
	Is64Bits="1"
	VendorString="GenuineIntel"
	VendorID="Intel Corporation"
	FamilyID="6"
	ModelID="142"
	ModelName="Intel(R) Core(TM) i7-8550U CPU @ 1.80GHz"
	ProcessorCacheSize="8192"
	NumberOfLogicalCPU="8"
	NumberOfPhysicalCPU="4"
	TotalVirtualMemory="4095"
	TotalPhysicalMemory="11869"
	LogicalProcessorsPerPhysical="2"
	ProcessorClockFrequency="3000.04"
	>
	<Testing>
		<StartDateTime>Jan 14 10:50 -03</StartDateTime>
		<StartTestTime>1736862620</StartTestTime>
		<TestList/>
		<EndDateTime>Jan 14 10:50 -03</EndDateTime>
		<EndTestTime>1736862620</EndTestTime>
		<ElapsedMinutes>0</ElapsedMinutes>
	</Testing>
</Site>
