<?xml version="1.0" encoding="UTF-8"?>
<Site BuildName="(empty)"
	BuildStamp="20250109-1559-Experimental"
	Name="(empty)"
	Generator="ctest-3.31.3"
	CompilerName=""
	CompilerVersion=""
	OSName="Linux"
	Hostname="arch"
	OSRelease="6.12.8-zen1-1-zen"
	OSVersion="#1 ZEN SMP PREEMPT_DYNAMIC Thu, 02 Jan 2025 22:52:21 +0000"
	OSPlatform="x86_64"
	Is64Bits="1"
	VendorString="GenuineIntel"
	VendorID="Intel Corporation"
	FamilyID="6"
	ModelID="142"
	ModelName="Intel(R) Core(TM) i7-8550U CPU @ 1.80GHz"
	ProcessorCacheSize="8192"
	NumberOfLogicalCPU="8"
	NumberOfPhysicalCPU="4"
	TotalVirtualMemory="4095"
	TotalPhysicalMemory="11869"
	LogicalProcessorsPerPhysical="2"
	ProcessorClockFrequency="2899.98"
	>
	<Testing>
		<StartDateTime>Jan 09 13:05 -03</StartDateTime>
		<StartTestTime>1736438746</StartTestTime>
		<TestList>
			<Test>./tests/TESTS</Test>
		</TestList>
		<Test Status="passed">
			<Name>TESTS</Name>
			<Path>./tests</Path>
			<FullName>./tests/TESTS</FullName>
			<FullCommandLine>/home/randolfo/Documentos/FLTK/Calculadora-FLTK/build/tests/Tests</FullCommandLine>
			<Results>
				<NamedMeasurement type="numeric/double" name="Execution Time">
					<Value>0.00716591</Value>
				</NamedMeasurement>
				<NamedMeasurement type="numeric/double" name="Processors">
					<Value>1</Value>
				</NamedMeasurement>
				<NamedMeasurement type="text/string" name="Completion Status">
					<Value>Completed</Value>
				</NamedMeasurement>
				<NamedMeasurement type="text/string" name="Command Line">
					<Value>/home/randolfo/Documentos/FLTK/Calculadora-FLTK/build/tests/Tests</Value>
				</NamedMeasurement>
				<NamedMeasurement type="text/string" name="Environment">
					<Value>#CTEST_RESOURCE_GROUP_COUNT=</Value>
				</NamedMeasurement>
				<Measurement>
					<Value encoding="base64" compression="gzip">eJyNkE+LwjAQxe/5FHO0hyZW8LgH2RUPgkrFUylLrGMIpBPJH/36to1IdVnwnYZ5P+bNTBmJNClopaZJBmdnWxDRO+FdI054jEqogD4IZa0y2Jd5wYs5n406Azxgv/0c3jSs+nqqhvIRUkDPpJBH7aMOyFmVP1XDytijNMlHumpnqUXqWAx5vLzB45nbCzoZtCXPKigPGxhUj/r8W5puuWTAdv3XhMkUWp99EpJQCDZIk7HPbggoXX6yN3r90H+fASeJv+Z0y+8W+/3yp78ssZzdAYZ/jlU=</Value>
				</Measurement>
			</Results>
		</Test>
		<EndDateTime>Jan 09 13:05 -03</EndDateTime>
		<EndTestTime>1736438746</EndTestTime>
		<ElapsedMinutes>0</ElapsedMinutes>
	</Testing>
</Site>
